22-Aug-2018 11:26:48.642 INFO [main] org.apache.catalina.startup.VersionLoggerListener.log Server version:        Apache Tomcat/8.0.53
22-Aug-2018 11:26:48.643 INFO [main] org.apache.catalina.startup.VersionLoggerListener.log Server built:          Jun 29 2018 14:42:45 UTC
22-Aug-2018 11:26:48.643 INFO [main] org.apache.catalina.startup.VersionLoggerListener.log Server number:         8.0.53.0
22-Aug-2018 11:26:48.643 INFO [main] org.apache.catalina.startup.VersionLoggerListener.log OS Name:               Linux
22-Aug-2018 11:26:48.643 INFO [main] org.apache.catalina.startup.VersionLoggerListener.log OS Version:            4.15.0-32-generic
22-Aug-2018 11:26:48.643 INFO [main] org.apache.catalina.startup.VersionLoggerListener.log Architecture:          amd64
22-Aug-2018 11:26:48.643 INFO [main] org.apache.catalina.startup.VersionLoggerListener.log Java Home:             /usr/lib/jvm/java-7-openjdk-amd64/jre
22-Aug-2018 11:26:48.643 INFO [main] org.apache.catalina.startup.VersionLoggerListener.log JVM Version:           1.7.0_181-b01
22-Aug-2018 11:26:48.643 INFO [main] org.apache.catalina.startup.VersionLoggerListener.log JVM Vendor:            Oracle Corporation
22-Aug-2018 11:26:48.643 INFO [main] org.apache.catalina.startup.VersionLoggerListener.log CATALINA_BASE:         /usr/local/tomcat
22-Aug-2018 11:26:48.644 INFO [main] org.apache.catalina.startup.VersionLoggerListener.log CATALINA_HOME:         /usr/local/tomcat
22-Aug-2018 11:26:48.644 INFO [main] org.apache.catalina.startup.VersionLoggerListener.log Command line argument: -Djava.util.logging.config.file=/usr/local/tomcat/conf/logging.properties
22-Aug-2018 11:26:48.644 INFO [main] org.apache.catalina.startup.VersionLoggerListener.log Command line argument: -Djava.util.logging.manager=org.apache.juli.ClassLoaderLogManager
22-Aug-2018 11:26:48.644 INFO [main] org.apache.catalina.startup.VersionLoggerListener.log Command line argument: -Djdk.tls.ephemeralDHKeySize=2048
22-Aug-2018 11:26:48.644 INFO [main] org.apache.catalina.startup.VersionLoggerListener.log Command line argument: -Djava.protocol.handler.pkgs=org.apache.catalina.webresources
22-Aug-2018 11:26:48.644 INFO [main] org.apache.catalina.startup.VersionLoggerListener.log Command line argument: -Dignore.endorsed.dirs=
22-Aug-2018 11:26:48.644 INFO [main] org.apache.catalina.startup.VersionLoggerListener.log Command line argument: -Dcatalina.base=/usr/local/tomcat
22-Aug-2018 11:26:48.644 INFO [main] org.apache.catalina.startup.VersionLoggerListener.log Command line argument: -Dcatalina.home=/usr/local/tomcat
22-Aug-2018 11:26:48.644 INFO [main] org.apache.catalina.startup.VersionLoggerListener.log Command line argument: -Djava.io.tmpdir=/usr/local/tomcat/temp
22-Aug-2018 11:26:48.644 INFO [main] org.apache.catalina.core.AprLifecycleListener.lifecycleEvent Loaded APR based Apache Tomcat Native library 1.2.17 using APR version 1.5.1.
22-Aug-2018 11:26:48.644 INFO [main] org.apache.catalina.core.AprLifecycleListener.lifecycleEvent APR capabilities: IPv6 [true], sendfile [true], accept filters [false], random [true].
22-Aug-2018 11:26:48.647 INFO [main] org.apache.catalina.core.AprLifecycleListener.initializeSSL OpenSSL successfully initialized (OpenSSL 1.1.0f  25 May 2017)
22-Aug-2018 11:26:48.723 INFO [main] org.apache.coyote.AbstractProtocol.init Initializing ProtocolHandler ["http-apr-8080"]
22-Aug-2018 11:26:48.732 INFO [main] org.apache.coyote.AbstractProtocol.init Initializing ProtocolHandler ["ajp-apr-8009"]
22-Aug-2018 11:26:48.733 INFO [main] org.apache.catalina.startup.Catalina.load Initialization processed in 503 ms
22-Aug-2018 11:26:48.754 INFO [main] org.apache.catalina.core.StandardService.startInternal Starting service Catalina
22-Aug-2018 11:26:48.754 INFO [main] org.apache.catalina.core.StandardEngine.startInternal Starting Servlet Engine: Apache Tomcat/8.0.53
22-Aug-2018 11:26:48.768 INFO [localhost-startStop-1] org.apache.catalina.startup.HostConfig.deployDirectory Deploying web application directory /usr/local/tomcat/webapps/manager
22-Aug-2018 11:26:49.108 INFO [localhost-startStop-1] org.apache.catalina.startup.HostConfig.deployDirectory Deployment of web application directory /usr/local/tomcat/webapps/manager has finished in 340 ms
22-Aug-2018 11:26:49.109 INFO [localhost-startStop-1] org.apache.catalina.startup.HostConfig.deployDirectory Deploying web application directory /usr/local/tomcat/webapps/docs
22-Aug-2018 11:26:49.126 INFO [localhost-startStop-1] org.apache.catalina.startup.HostConfig.deployDirectory Deployment of web application directory /usr/local/tomcat/webapps/docs has finished in 17 ms
22-Aug-2018 11:26:49.126 INFO [localhost-startStop-1] org.apache.catalina.startup.HostConfig.deployDirectory Deploying web application directory /usr/local/tomcat/webapps/examples
22-Aug-2018 11:26:49.369 INFO [localhost-startStop-1] org.apache.catalina.startup.HostConfig.deployDirectory Deployment of web application directory /usr/local/tomcat/webapps/examples has finished in 243 ms
22-Aug-2018 11:26:49.369 INFO [localhost-startStop-1] org.apache.catalina.startup.HostConfig.deployDirectory Deploying web application directory /usr/local/tomcat/webapps/host-manager
22-Aug-2018 11:26:49.388 INFO [localhost-startStop-1] org.apache.catalina.startup.HostConfig.deployDirectory Deployment of web application directory /usr/local/tomcat/webapps/host-manager has finished in 19 ms
22-Aug-2018 11:26:49.388 INFO [localhost-startStop-1] org.apache.catalina.startup.HostConfig.deployDirectory Deploying web application directory /usr/local/tomcat/webapps/ROOT
22-Aug-2018 11:26:49.438 INFO [localhost-startStop-1] org.apache.catalina.startup.HostConfig.deployDirectory Deployment of web application directory /usr/local/tomcat/webapps/ROOT has finished in 50 ms
22-Aug-2018 11:26:49.441 INFO [main] org.apache.coyote.AbstractProtocol.start Starting ProtocolHandler ["http-apr-8080"]
22-Aug-2018 11:26:49.462 INFO [main] org.apache.coyote.AbstractProtocol.start Starting ProtocolHandler ["ajp-apr-8009"]
22-Aug-2018 11:26:49.463 INFO [main] org.apache.catalina.startup.Catalina.start Server startup in 729 ms
22-Aug-2018 11:31:09.643 INFO [Thread-3] org.apache.coyote.AbstractProtocol.pause Pausing ProtocolHandler ["http-apr-8080"]
22-Aug-2018 11:31:09.730 INFO [Thread-3] org.apache.coyote.AbstractProtocol.pause Pausing ProtocolHandler ["ajp-apr-8009"]
22-Aug-2018 11:31:09.781 INFO [Thread-3] org.apache.catalina.core.StandardService.stopInternal Stopping service Catalina
22-Aug-2018 11:31:09.836 INFO [Thread-3] org.apache.coyote.AbstractProtocol.stop Stopping ProtocolHandler ["http-apr-8080"]
22-Aug-2018 11:31:09.888 INFO [Thread-3] org.apache.coyote.AbstractProtocol.stop Stopping ProtocolHandler ["ajp-apr-8009"]
22-Aug-2018 11:31:09.941 INFO [Thread-3] org.apache.coyote.AbstractProtocol.destroy Destroying ProtocolHandler ["http-apr-8080"]
22-Aug-2018 11:31:09.942 INFO [Thread-3] org.apache.coyote.AbstractProtocol.destroy Destroying ProtocolHandler ["ajp-apr-8009"]
22-Aug-2018 11:33:52.644 INFO [main] org.apache.catalina.startup.VersionLoggerListener.log Server version:        Apache Tomcat/8.0.53
22-Aug-2018 11:33:52.645 INFO [main] org.apache.catalina.startup.VersionLoggerListener.log Server built:          Jun 29 2018 14:42:45 UTC
22-Aug-2018 11:33:52.645 INFO [main] org.apache.catalina.startup.VersionLoggerListener.log Server number:         8.0.53.0
22-Aug-2018 11:33:52.645 INFO [main] org.apache.catalina.startup.VersionLoggerListener.log OS Name:               Linux
22-Aug-2018 11:33:52.645 INFO [main] org.apache.catalina.startup.VersionLoggerListener.log OS Version:            4.15.0-32-generic
22-Aug-2018 11:33:52.645 INFO [main] org.apache.catalina.startup.VersionLoggerListener.log Architecture:          amd64
22-Aug-2018 11:33:52.645 INFO [main] org.apache.catalina.startup.VersionLoggerListener.log Java Home:             /usr/lib/jvm/java-7-openjdk-amd64/jre
22-Aug-2018 11:33:52.646 INFO [main] org.apache.catalina.startup.VersionLoggerListener.log JVM Version:           1.7.0_181-b01
22-Aug-2018 11:33:52.646 INFO [main] org.apache.catalina.startup.VersionLoggerListener.log JVM Vendor:            Oracle Corporation
22-Aug-2018 11:33:52.646 INFO [main] org.apache.catalina.startup.VersionLoggerListener.log CATALINA_BASE:         /usr/local/tomcat
22-Aug-2018 11:33:52.646 INFO [main] org.apache.catalina.startup.VersionLoggerListener.log CATALINA_HOME:         /usr/local/tomcat
22-Aug-2018 11:33:52.646 INFO [main] org.apache.catalina.startup.VersionLoggerListener.log Command line argument: -Djava.util.logging.config.file=/usr/local/tomcat/conf/logging.properties
22-Aug-2018 11:33:52.646 INFO [main] org.apache.catalina.startup.VersionLoggerListener.log Command line argument: -Djava.util.logging.manager=org.apache.juli.ClassLoaderLogManager
22-Aug-2018 11:33:52.646 INFO [main] org.apache.catalina.startup.VersionLoggerListener.log Command line argument: -Djdk.tls.ephemeralDHKeySize=2048
22-Aug-2018 11:33:52.646 INFO [main] org.apache.catalina.startup.VersionLoggerListener.log Command line argument: -Djava.protocol.handler.pkgs=org.apache.catalina.webresources
22-Aug-2018 11:33:52.646 INFO [main] org.apache.catalina.startup.VersionLoggerListener.log Command line argument: -Dignore.endorsed.dirs=
22-Aug-2018 11:33:52.646 INFO [main] org.apache.catalina.startup.VersionLoggerListener.log Command line argument: -Dcatalina.base=/usr/local/tomcat
22-Aug-2018 11:33:52.646 INFO [main] org.apache.catalina.startup.VersionLoggerListener.log Command line argument: -Dcatalina.home=/usr/local/tomcat
22-Aug-2018 11:33:52.646 INFO [main] org.apache.catalina.startup.VersionLoggerListener.log Command line argument: -Djava.io.tmpdir=/usr/local/tomcat/temp
22-Aug-2018 11:33:52.647 INFO [main] org.apache.catalina.core.AprLifecycleListener.lifecycleEvent Loaded APR based Apache Tomcat Native library 1.2.17 using APR version 1.5.1.
22-Aug-2018 11:33:52.647 INFO [main] org.apache.catalina.core.AprLifecycleListener.lifecycleEvent APR capabilities: IPv6 [true], sendfile [true], accept filters [false], random [true].
22-Aug-2018 11:33:52.649 INFO [main] org.apache.catalina.core.AprLifecycleListener.initializeSSL OpenSSL successfully initialized (OpenSSL 1.1.0f  25 May 2017)
22-Aug-2018 11:33:52.742 INFO [main] org.apache.coyote.AbstractProtocol.init Initializing ProtocolHandler ["http-apr-8080"]
22-Aug-2018 11:33:52.751 INFO [main] org.apache.coyote.AbstractProtocol.init Initializing ProtocolHandler ["ajp-apr-8009"]
22-Aug-2018 11:33:52.752 INFO [main] org.apache.catalina.startup.Catalina.load Initialization processed in 444 ms
22-Aug-2018 11:33:52.771 INFO [main] org.apache.catalina.core.StandardService.startInternal Starting service Catalina
22-Aug-2018 11:33:52.772 INFO [main] org.apache.catalina.core.StandardEngine.startInternal Starting Servlet Engine: Apache Tomcat/8.0.53
22-Aug-2018 11:33:52.781 INFO [localhost-startStop-1] org.apache.catalina.startup.HostConfig.deployDirectory Deploying web application directory /usr/local/tomcat/webapps/manager
22-Aug-2018 11:33:53.095 INFO [localhost-startStop-1] org.apache.catalina.startup.HostConfig.deployDirectory Deployment of web application directory /usr/local/tomcat/webapps/manager has finished in 314 ms
22-Aug-2018 11:33:53.096 INFO [localhost-startStop-1] org.apache.catalina.startup.HostConfig.deployDirectory Deploying web application directory /usr/local/tomcat/webapps/docs
22-Aug-2018 11:33:53.113 INFO [localhost-startStop-1] org.apache.catalina.startup.HostConfig.deployDirectory Deployment of web application directory /usr/local/tomcat/webapps/docs has finished in 17 ms
22-Aug-2018 11:33:53.113 INFO [localhost-startStop-1] org.apache.catalina.startup.HostConfig.deployDirectory Deploying web application directory /usr/local/tomcat/webapps/examples
22-Aug-2018 11:33:53.374 INFO [localhost-startStop-1] org.apache.catalina.startup.HostConfig.deployDirectory Deployment of web application directory /usr/local/tomcat/webapps/examples has finished in 261 ms
22-Aug-2018 11:33:53.374 INFO [localhost-startStop-1] org.apache.catalina.startup.HostConfig.deployDirectory Deploying web application directory /usr/local/tomcat/webapps/host-manager
22-Aug-2018 11:33:53.393 INFO [localhost-startStop-1] org.apache.catalina.startup.HostConfig.deployDirectory Deployment of web application directory /usr/local/tomcat/webapps/host-manager has finished in 19 ms
22-Aug-2018 11:33:53.393 INFO [localhost-startStop-1] org.apache.catalina.startup.HostConfig.deployDirectory Deploying web application directory /usr/local/tomcat/webapps/ROOT
22-Aug-2018 11:33:53.407 INFO [localhost-startStop-1] org.apache.catalina.startup.HostConfig.deployDirectory Deployment of web application directory /usr/local/tomcat/webapps/ROOT has finished in 14 ms
22-Aug-2018 11:33:53.410 INFO [main] org.apache.coyote.AbstractProtocol.start Starting ProtocolHandler ["http-apr-8080"]
22-Aug-2018 11:33:53.429 INFO [main] org.apache.coyote.AbstractProtocol.start Starting ProtocolHandler ["ajp-apr-8009"]
22-Aug-2018 11:33:53.446 INFO [main] org.apache.catalina.startup.Catalina.start Server startup in 693 ms
22-Aug-2018 12:13:28.896 INFO [Thread-3] org.apache.coyote.AbstractProtocol.pause Pausing ProtocolHandler ["http-apr-8080"]
22-Aug-2018 12:13:28.999 INFO [Thread-3] org.apache.coyote.AbstractProtocol.pause Pausing ProtocolHandler ["ajp-apr-8009"]
22-Aug-2018 12:13:29.050 INFO [Thread-3] org.apache.catalina.core.StandardService.stopInternal Stopping service Catalina
22-Aug-2018 12:13:29.103 INFO [Thread-3] org.apache.coyote.AbstractProtocol.stop Stopping ProtocolHandler ["http-apr-8080"]
22-Aug-2018 12:13:29.156 INFO [Thread-3] org.apache.coyote.AbstractProtocol.stop Stopping ProtocolHandler ["ajp-apr-8009"]
22-Aug-2018 12:13:29.208 INFO [Thread-3] org.apache.coyote.AbstractProtocol.destroy Destroying ProtocolHandler ["http-apr-8080"]
22-Aug-2018 12:13:29.209 INFO [Thread-3] org.apache.coyote.AbstractProtocol.destroy Destroying ProtocolHandler ["ajp-apr-8009"]
22-Aug-2018 12:19:33.413 INFO [main] org.apache.catalina.startup.VersionLoggerListener.log Server version:        Apache Tomcat/8.0.53
22-Aug-2018 12:19:33.415 INFO [main] org.apache.catalina.startup.VersionLoggerListener.log Server built:          Jun 29 2018 14:42:45 UTC
22-Aug-2018 12:19:33.415 INFO [main] org.apache.catalina.startup.VersionLoggerListener.log Server number:         8.0.53.0
22-Aug-2018 12:19:33.415 INFO [main] org.apache.catalina.startup.VersionLoggerListener.log OS Name:               Linux
22-Aug-2018 12:19:33.415 INFO [main] org.apache.catalina.startup.VersionLoggerListener.log OS Version:            4.15.0-32-generic
22-Aug-2018 12:19:33.415 INFO [main] org.apache.catalina.startup.VersionLoggerListener.log Architecture:          amd64
22-Aug-2018 12:19:33.415 INFO [main] org.apache.catalina.startup.VersionLoggerListener.log Java Home:             /usr/lib/jvm/java-7-openjdk-amd64/jre
22-Aug-2018 12:19:33.415 INFO [main] org.apache.catalina.startup.VersionLoggerListener.log JVM Version:           1.7.0_181-b01
22-Aug-2018 12:19:33.415 INFO [main] org.apache.catalina.startup.VersionLoggerListener.log JVM Vendor:            Oracle Corporation
22-Aug-2018 12:19:33.415 INFO [main] org.apache.catalina.startup.VersionLoggerListener.log CATALINA_BASE:         /usr/local/tomcat
22-Aug-2018 12:19:33.415 INFO [main] org.apache.catalina.startup.VersionLoggerListener.log CATALINA_HOME:         /usr/local/tomcat
22-Aug-2018 12:19:33.415 INFO [main] org.apache.catalina.startup.VersionLoggerListener.log Command line argument: -Djava.util.logging.config.file=/usr/local/tomcat/conf/logging.properties
22-Aug-2018 12:19:33.415 INFO [main] org.apache.catalina.startup.VersionLoggerListener.log Command line argument: -Djava.util.logging.manager=org.apache.juli.ClassLoaderLogManager
22-Aug-2018 12:19:33.416 INFO [main] org.apache.catalina.startup.VersionLoggerListener.log Command line argument: -Djdk.tls.ephemeralDHKeySize=2048
22-Aug-2018 12:19:33.416 INFO [main] org.apache.catalina.startup.VersionLoggerListener.log Command line argument: -Djava.protocol.handler.pkgs=org.apache.catalina.webresources
22-Aug-2018 12:19:33.416 INFO [main] org.apache.catalina.startup.VersionLoggerListener.log Command line argument: -Dignore.endorsed.dirs=
22-Aug-2018 12:19:33.416 INFO [main] org.apache.catalina.startup.VersionLoggerListener.log Command line argument: -Dcatalina.base=/usr/local/tomcat
22-Aug-2018 12:19:33.416 INFO [main] org.apache.catalina.startup.VersionLoggerListener.log Command line argument: -Dcatalina.home=/usr/local/tomcat
22-Aug-2018 12:19:33.416 INFO [main] org.apache.catalina.startup.VersionLoggerListener.log Command line argument: -Djava.io.tmpdir=/usr/local/tomcat/temp
22-Aug-2018 12:19:33.416 INFO [main] org.apache.catalina.core.AprLifecycleListener.lifecycleEvent Loaded APR based Apache Tomcat Native library 1.2.17 using APR version 1.5.1.
22-Aug-2018 12:19:33.416 INFO [main] org.apache.catalina.core.AprLifecycleListener.lifecycleEvent APR capabilities: IPv6 [true], sendfile [true], accept filters [false], random [true].
22-Aug-2018 12:19:33.419 INFO [main] org.apache.catalina.core.AprLifecycleListener.initializeSSL OpenSSL successfully initialized (OpenSSL 1.1.0f  25 May 2017)
22-Aug-2018 12:19:33.591 INFO [main] org.apache.coyote.AbstractProtocol.init Initializing ProtocolHandler ["http-apr-8080"]
22-Aug-2018 12:19:33.599 INFO [main] org.apache.coyote.AbstractProtocol.init Initializing ProtocolHandler ["ajp-apr-8009"]
22-Aug-2018 12:19:33.600 INFO [main] org.apache.catalina.startup.Catalina.load Initialization processed in 698 ms
22-Aug-2018 12:19:33.620 INFO [main] org.apache.catalina.core.StandardService.startInternal Starting service Catalina
22-Aug-2018 12:19:33.620 INFO [main] org.apache.catalina.core.StandardEngine.startInternal Starting Servlet Engine: Apache Tomcat/8.0.53
22-Aug-2018 12:19:33.627 INFO [localhost-startStop-1] org.apache.catalina.startup.HostConfig.deployDirectory Deploying web application directory /usr/local/tomcat/webapps/manager
22-Aug-2018 12:19:33.956 INFO [localhost-startStop-1] org.apache.catalina.startup.HostConfig.deployDirectory Deployment of web application directory /usr/local/tomcat/webapps/manager has finished in 328 ms
22-Aug-2018 12:19:33.959 INFO [localhost-startStop-1] org.apache.catalina.startup.HostConfig.deployDirectory Deploying web application directory /usr/local/tomcat/webapps/docs
22-Aug-2018 12:19:33.975 INFO [localhost-startStop-1] org.apache.catalina.startup.HostConfig.deployDirectory Deployment of web application directory /usr/local/tomcat/webapps/docs has finished in 16 ms
22-Aug-2018 12:19:33.976 INFO [localhost-startStop-1] org.apache.catalina.startup.HostConfig.deployDirectory Deploying web application directory /usr/local/tomcat/webapps/examples
22-Aug-2018 12:19:34.228 INFO [localhost-startStop-1] org.apache.catalina.startup.HostConfig.deployDirectory Deployment of web application directory /usr/local/tomcat/webapps/examples has finished in 252 ms
22-Aug-2018 12:19:34.229 INFO [localhost-startStop-1] org.apache.catalina.startup.HostConfig.deployDirectory Deploying web application directory /usr/local/tomcat/webapps/host-manager
22-Aug-2018 12:19:34.248 INFO [localhost-startStop-1] org.apache.catalina.startup.HostConfig.deployDirectory Deployment of web application directory /usr/local/tomcat/webapps/host-manager has finished in 19 ms
22-Aug-2018 12:19:34.249 INFO [localhost-startStop-1] org.apache.catalina.startup.HostConfig.deployDirectory Deploying web application directory /usr/local/tomcat/webapps/ROOT
22-Aug-2018 12:19:34.263 INFO [localhost-startStop-1] org.apache.catalina.startup.HostConfig.deployDirectory Deployment of web application directory /usr/local/tomcat/webapps/ROOT has finished in 14 ms
22-Aug-2018 12:19:34.272 INFO [main] org.apache.coyote.AbstractProtocol.start Starting ProtocolHandler ["http-apr-8080"]
22-Aug-2018 12:19:34.329 INFO [main] org.apache.coyote.AbstractProtocol.start Starting ProtocolHandler ["ajp-apr-8009"]
22-Aug-2018 12:19:34.345 INFO [main] org.apache.catalina.startup.Catalina.start Server startup in 744 ms
22-Aug-2018 12:20:35.286 INFO [Thread-3] org.apache.coyote.AbstractProtocol.pause Pausing ProtocolHandler ["http-apr-8080"]
22-Aug-2018 12:20:35.372 INFO [Thread-3] org.apache.coyote.AbstractProtocol.pause Pausing ProtocolHandler ["ajp-apr-8009"]
22-Aug-2018 12:20:35.423 INFO [Thread-3] org.apache.catalina.core.StandardService.stopInternal Stopping service Catalina
22-Aug-2018 12:20:35.476 INFO [Thread-3] org.apache.coyote.AbstractProtocol.stop Stopping ProtocolHandler ["http-apr-8080"]
22-Aug-2018 12:20:35.528 INFO [Thread-3] org.apache.coyote.AbstractProtocol.stop Stopping ProtocolHandler ["ajp-apr-8009"]
22-Aug-2018 12:20:35.582 INFO [Thread-3] org.apache.coyote.AbstractProtocol.destroy Destroying ProtocolHandler ["http-apr-8080"]
22-Aug-2018 12:20:35.582 INFO [Thread-3] org.apache.coyote.AbstractProtocol.destroy Destroying ProtocolHandler ["ajp-apr-8009"]
22-Aug-2018 12:58:18.217 INFO [main] org.apache.catalina.startup.VersionLoggerListener.log Server version:        Apache Tomcat/8.0.53
22-Aug-2018 12:58:18.218 INFO [main] org.apache.catalina.startup.VersionLoggerListener.log Server built:          Jun 29 2018 14:42:45 UTC
22-Aug-2018 12:58:18.218 INFO [main] org.apache.catalina.startup.VersionLoggerListener.log Server number:         8.0.53.0
22-Aug-2018 12:58:18.218 INFO [main] org.apache.catalina.startup.VersionLoggerListener.log OS Name:               Linux
22-Aug-2018 12:58:18.218 INFO [main] org.apache.catalina.startup.VersionLoggerListener.log OS Version:            4.15.0-32-generic
22-Aug-2018 12:58:18.218 INFO [main] org.apache.catalina.startup.VersionLoggerListener.log Architecture:          amd64
22-Aug-2018 12:58:18.218 INFO [main] org.apache.catalina.startup.VersionLoggerListener.log Java Home:             /usr/lib/jvm/java-7-openjdk-amd64/jre
22-Aug-2018 12:58:18.218 INFO [main] org.apache.catalina.startup.VersionLoggerListener.log JVM Version:           1.7.0_181-b01
22-Aug-2018 12:58:18.219 INFO [main] org.apache.catalina.startup.VersionLoggerListener.log JVM Vendor:            Oracle Corporation
22-Aug-2018 12:58:18.219 INFO [main] org.apache.catalina.startup.VersionLoggerListener.log CATALINA_BASE:         /usr/local/tomcat
22-Aug-2018 12:58:18.219 INFO [main] org.apache.catalina.startup.VersionLoggerListener.log CATALINA_HOME:         /usr/local/tomcat
22-Aug-2018 12:58:18.219 INFO [main] org.apache.catalina.startup.VersionLoggerListener.log Command line argument: -Djava.util.logging.config.file=/usr/local/tomcat/conf/logging.properties
22-Aug-2018 12:58:18.219 INFO [main] org.apache.catalina.startup.VersionLoggerListener.log Command line argument: -Djava.util.logging.manager=org.apache.juli.ClassLoaderLogManager
22-Aug-2018 12:58:18.219 INFO [main] org.apache.catalina.startup.VersionLoggerListener.log Command line argument: -Djdk.tls.ephemeralDHKeySize=2048
22-Aug-2018 12:58:18.219 INFO [main] org.apache.catalina.startup.VersionLoggerListener.log Command line argument: -Djava.protocol.handler.pkgs=org.apache.catalina.webresources
22-Aug-2018 12:58:18.219 INFO [main] org.apache.catalina.startup.VersionLoggerListener.log Command line argument: -Dignore.endorsed.dirs=
22-Aug-2018 12:58:18.219 INFO [main] org.apache.catalina.startup.VersionLoggerListener.log Command line argument: -Dcatalina.base=/usr/local/tomcat
22-Aug-2018 12:58:18.219 INFO [main] org.apache.catalina.startup.VersionLoggerListener.log Command line argument: -Dcatalina.home=/usr/local/tomcat
22-Aug-2018 12:58:18.219 INFO [main] org.apache.catalina.startup.VersionLoggerListener.log Command line argument: -Djava.io.tmpdir=/usr/local/tomcat/temp
22-Aug-2018 12:58:18.219 INFO [main] org.apache.catalina.core.AprLifecycleListener.lifecycleEvent Loaded APR based Apache Tomcat Native library 1.2.17 using APR version 1.5.1.
22-Aug-2018 12:58:18.220 INFO [main] org.apache.catalina.core.AprLifecycleListener.lifecycleEvent APR capabilities: IPv6 [true], sendfile [true], accept filters [false], random [true].
22-Aug-2018 12:58:18.222 INFO [main] org.apache.catalina.core.AprLifecycleListener.initializeSSL OpenSSL successfully initialized (OpenSSL 1.1.0f  25 May 2017)
22-Aug-2018 12:58:18.464 INFO [main] org.apache.coyote.AbstractProtocol.init Initializing ProtocolHandler ["http-apr-8080"]
22-Aug-2018 12:58:18.472 INFO [main] org.apache.coyote.AbstractProtocol.init Initializing ProtocolHandler ["ajp-apr-8009"]
22-Aug-2018 12:58:18.473 INFO [main] org.apache.catalina.startup.Catalina.load Initialization processed in 837 ms
22-Aug-2018 12:58:18.495 INFO [main] org.apache.catalina.core.StandardService.startInternal Starting service Catalina
22-Aug-2018 12:58:18.496 INFO [main] org.apache.catalina.core.StandardEngine.startInternal Starting Servlet Engine: Apache Tomcat/8.0.53
22-Aug-2018 12:58:18.505 INFO [localhost-startStop-1] org.apache.catalina.startup.HostConfig.deployDirectory Deploying web application directory /usr/local/tomcat/webapps/manager
22-Aug-2018 12:58:18.913 INFO [localhost-startStop-1] org.apache.catalina.startup.HostConfig.deployDirectory Deployment of web application directory /usr/local/tomcat/webapps/manager has finished in 407 ms
22-Aug-2018 12:58:18.913 INFO [localhost-startStop-1] org.apache.catalina.startup.HostConfig.deployDirectory Deploying web application directory /usr/local/tomcat/webapps/docs
22-Aug-2018 12:58:18.945 INFO [localhost-startStop-1] org.apache.catalina.startup.HostConfig.deployDirectory Deployment of web application directory /usr/local/tomcat/webapps/docs has finished in 32 ms
22-Aug-2018 12:58:18.945 INFO [localhost-startStop-1] org.apache.catalina.startup.HostConfig.deployDirectory Deploying web application directory /usr/local/tomcat/webapps/examples
22-Aug-2018 12:58:19.534 INFO [localhost-startStop-1] org.apache.catalina.startup.HostConfig.deployDirectory Deployment of web application directory /usr/local/tomcat/webapps/examples has finished in 589 ms
22-Aug-2018 12:58:19.534 INFO [localhost-startStop-1] org.apache.catalina.startup.HostConfig.deployDirectory Deploying web application directory /usr/local/tomcat/webapps/host-manager
22-Aug-2018 12:58:19.690 INFO [localhost-startStop-1] org.apache.catalina.startup.HostConfig.deployDirectory Deployment of web application directory /usr/local/tomcat/webapps/host-manager has finished in 156 ms
22-Aug-2018 12:58:19.691 INFO [localhost-startStop-1] org.apache.catalina.startup.HostConfig.deployDirectory Deploying web application directory /usr/local/tomcat/webapps/ROOT
22-Aug-2018 12:58:19.724 INFO [localhost-startStop-1] org.apache.catalina.startup.HostConfig.deployDirectory Deployment of web application directory /usr/local/tomcat/webapps/ROOT has finished in 34 ms
22-Aug-2018 12:58:19.730 INFO [main] org.apache.coyote.AbstractProtocol.start Starting ProtocolHandler ["http-apr-8080"]
22-Aug-2018 12:58:19.802 INFO [main] org.apache.coyote.AbstractProtocol.start Starting ProtocolHandler ["ajp-apr-8009"]
22-Aug-2018 12:58:19.812 INFO [main] org.apache.catalina.startup.Catalina.start Server startup in 1338 ms
22-Aug-2018 12:58:19.986 INFO [Thread-3] org.apache.coyote.AbstractProtocol.pause Pausing ProtocolHandler ["http-apr-8080"]
22-Aug-2018 12:58:20.095 INFO [Thread-3] org.apache.coyote.AbstractProtocol.pause Pausing ProtocolHandler ["ajp-apr-8009"]
22-Aug-2018 12:58:20.145 INFO [Thread-3] org.apache.catalina.core.StandardService.stopInternal Stopping service Catalina
22-Aug-2018 12:58:20.171 INFO [Thread-3] org.apache.coyote.AbstractProtocol.stop Stopping ProtocolHandler ["http-apr-8080"]
22-Aug-2018 12:58:20.222 INFO [Thread-3] org.apache.coyote.AbstractProtocol.stop Stopping ProtocolHandler ["ajp-apr-8009"]
22-Aug-2018 12:58:20.274 INFO [Thread-3] org.apache.coyote.AbstractProtocol.destroy Destroying ProtocolHandler ["http-apr-8080"]
22-Aug-2018 12:58:20.274 INFO [Thread-3] org.apache.coyote.AbstractProtocol.destroy Destroying ProtocolHandler ["ajp-apr-8009"]
22-Aug-2018 13:02:52.265 INFO [main] org.apache.catalina.startup.VersionLoggerListener.log Server version:        Apache Tomcat/8.0.53
22-Aug-2018 13:02:52.268 INFO [main] org.apache.catalina.startup.VersionLoggerListener.log Server built:          Jun 29 2018 14:42:45 UTC
22-Aug-2018 13:02:52.268 INFO [main] org.apache.catalina.startup.VersionLoggerListener.log Server number:         8.0.53.0
22-Aug-2018 13:02:52.268 INFO [main] org.apache.catalina.startup.VersionLoggerListener.log OS Name:               Linux
22-Aug-2018 13:02:52.269 INFO [main] org.apache.catalina.startup.VersionLoggerListener.log OS Version:            4.15.0-32-generic
22-Aug-2018 13:02:52.269 INFO [main] org.apache.catalina.startup.VersionLoggerListener.log Architecture:          amd64
22-Aug-2018 13:02:52.269 INFO [main] org.apache.catalina.startup.VersionLoggerListener.log Java Home:             /usr/lib/jvm/java-7-openjdk-amd64/jre
22-Aug-2018 13:02:52.270 INFO [main] org.apache.catalina.startup.VersionLoggerListener.log JVM Version:           1.7.0_181-b01
22-Aug-2018 13:02:52.270 INFO [main] org.apache.catalina.startup.VersionLoggerListener.log JVM Vendor:            Oracle Corporation
22-Aug-2018 13:02:52.271 INFO [main] org.apache.catalina.startup.VersionLoggerListener.log CATALINA_BASE:         /usr/local/tomcat
22-Aug-2018 13:02:52.271 INFO [main] org.apache.catalina.startup.VersionLoggerListener.log CATALINA_HOME:         /usr/local/tomcat
22-Aug-2018 13:02:52.272 INFO [main] org.apache.catalina.startup.VersionLoggerListener.log Command line argument: -Djava.util.logging.config.file=/usr/local/tomcat/conf/logging.properties
22-Aug-2018 13:02:52.272 INFO [main] org.apache.catalina.startup.VersionLoggerListener.log Command line argument: -Djava.util.logging.manager=org.apache.juli.ClassLoaderLogManager
22-Aug-2018 13:02:52.273 INFO [main] org.apache.catalina.startup.VersionLoggerListener.log Command line argument: -Djdk.tls.ephemeralDHKeySize=2048
22-Aug-2018 13:02:52.273 INFO [main] org.apache.catalina.startup.VersionLoggerListener.log Command line argument: -Djava.protocol.handler.pkgs=org.apache.catalina.webresources
22-Aug-2018 13:02:52.273 INFO [main] org.apache.catalina.startup.VersionLoggerListener.log Command line argument: -Dignore.endorsed.dirs=
22-Aug-2018 13:02:52.274 INFO [main] org.apache.catalina.startup.VersionLoggerListener.log Command line argument: -Dcatalina.base=/usr/local/tomcat
22-Aug-2018 13:02:52.274 INFO [main] org.apache.catalina.startup.VersionLoggerListener.log Command line argument: -Dcatalina.home=/usr/local/tomcat
22-Aug-2018 13:02:52.274 INFO [main] org.apache.catalina.startup.VersionLoggerListener.log Command line argument: -Djava.io.tmpdir=/usr/local/tomcat/temp
22-Aug-2018 13:02:52.275 INFO [main] org.apache.catalina.core.AprLifecycleListener.lifecycleEvent Loaded APR based Apache Tomcat Native library 1.2.17 using APR version 1.5.1.
22-Aug-2018 13:02:52.275 INFO [main] org.apache.catalina.core.AprLifecycleListener.lifecycleEvent APR capabilities: IPv6 [true], sendfile [true], accept filters [false], random [true].
22-Aug-2018 13:02:52.372 INFO [main] org.apache.catalina.core.AprLifecycleListener.initializeSSL OpenSSL successfully initialized (OpenSSL 1.1.0f  25 May 2017)
22-Aug-2018 13:02:53.504 INFO [main] org.apache.coyote.AbstractProtocol.init Initializing ProtocolHandler ["http-apr-8080"]
22-Aug-2018 13:02:53.526 INFO [main] org.apache.coyote.AbstractProtocol.init Initializing ProtocolHandler ["ajp-apr-8009"]
22-Aug-2018 13:02:53.530 INFO [main] org.apache.catalina.startup.Catalina.load Initialization processed in 5312 ms
22-Aug-2018 13:02:54.016 INFO [main] org.apache.catalina.core.StandardService.startInternal Starting service Catalina
22-Aug-2018 13:02:54.017 INFO [main] org.apache.catalina.core.StandardEngine.startInternal Starting Servlet Engine: Apache Tomcat/8.0.53
22-Aug-2018 13:02:54.180 INFO [localhost-startStop-1] org.apache.catalina.startup.HostConfig.deployDirectory Deploying web application directory /usr/local/tomcat/webapps/manager
22-Aug-2018 13:02:56.938 WARNING [localhost-startStop-1] org.apache.catalina.util.SessionIdGeneratorBase.createSecureRandom Creation of SecureRandom instance for session ID generation using [SHA1PRNG] took [242] milliseconds.
22-Aug-2018 13:02:57.029 INFO [localhost-startStop-1] org.apache.catalina.startup.HostConfig.deployDirectory Deployment of web application directory /usr/local/tomcat/webapps/manager has finished in 2,849 ms
22-Aug-2018 13:02:57.030 INFO [localhost-startStop-1] org.apache.catalina.startup.HostConfig.deployDirectory Deploying web application directory /usr/local/tomcat/webapps/docs
22-Aug-2018 13:02:57.262 INFO [localhost-startStop-1] org.apache.catalina.startup.HostConfig.deployDirectory Deployment of web application directory /usr/local/tomcat/webapps/docs has finished in 233 ms
22-Aug-2018 13:02:57.262 INFO [localhost-startStop-1] org.apache.catalina.startup.HostConfig.deployDirectory Deploying web application directory /usr/local/tomcat/webapps/examples
22-Aug-2018 13:02:58.406 INFO [localhost-startStop-1] org.apache.catalina.startup.HostConfig.deployDirectory Deployment of web application directory /usr/local/tomcat/webapps/examples has finished in 1,144 ms
22-Aug-2018 13:02:58.406 INFO [localhost-startStop-1] org.apache.catalina.startup.HostConfig.deployDirectory Deploying web application directory /usr/local/tomcat/webapps/host-manager
22-Aug-2018 13:02:58.790 INFO [localhost-startStop-1] org.apache.catalina.startup.HostConfig.deployDirectory Deployment of web application directory /usr/local/tomcat/webapps/host-manager has finished in 384 ms
22-Aug-2018 13:02:58.790 INFO [localhost-startStop-1] org.apache.catalina.startup.HostConfig.deployDirectory Deploying web application directory /usr/local/tomcat/webapps/ROOT
22-Aug-2018 13:02:58.817 INFO [localhost-startStop-1] org.apache.catalina.startup.HostConfig.deployDirectory Deployment of web application directory /usr/local/tomcat/webapps/ROOT has finished in 27 ms
22-Aug-2018 13:02:58.833 INFO [main] org.apache.coyote.AbstractProtocol.start Starting ProtocolHandler ["http-apr-8080"]
22-Aug-2018 13:02:58.898 INFO [main] org.apache.coyote.AbstractProtocol.start Starting ProtocolHandler ["ajp-apr-8009"]
22-Aug-2018 13:02:58.921 INFO [main] org.apache.catalina.startup.Catalina.start Server startup in 5391 ms
22-Aug-2018 13:03:53.106 INFO [Thread-3] org.apache.coyote.AbstractProtocol.pause Pausing ProtocolHandler ["http-apr-8080"]
22-Aug-2018 13:03:53.208 INFO [Thread-3] org.apache.coyote.AbstractProtocol.pause Pausing ProtocolHandler ["ajp-apr-8009"]
22-Aug-2018 13:03:53.260 INFO [Thread-3] org.apache.catalina.core.StandardService.stopInternal Stopping service Catalina
22-Aug-2018 13:03:53.387 INFO [Thread-3] org.apache.coyote.AbstractProtocol.stop Stopping ProtocolHandler ["http-apr-8080"]
22-Aug-2018 13:03:53.454 INFO [Thread-3] org.apache.coyote.AbstractProtocol.stop Stopping ProtocolHandler ["ajp-apr-8009"]
22-Aug-2018 13:03:53.509 INFO [Thread-3] org.apache.coyote.AbstractProtocol.destroy Destroying ProtocolHandler ["http-apr-8080"]
22-Aug-2018 13:03:53.510 INFO [Thread-3] org.apache.coyote.AbstractProtocol.destroy Destroying ProtocolHandler ["ajp-apr-8009"]
22-Aug-2018 13:04:53.604 INFO [main] org.apache.catalina.startup.VersionLoggerListener.log Server version:        Apache Tomcat/8.0.53
22-Aug-2018 13:04:53.605 INFO [main] org.apache.catalina.startup.VersionLoggerListener.log Server built:          Jun 29 2018 14:42:45 UTC
22-Aug-2018 13:04:53.606 INFO [main] org.apache.catalina.startup.VersionLoggerListener.log Server number:         8.0.53.0
22-Aug-2018 13:04:53.606 INFO [main] org.apache.catalina.startup.VersionLoggerListener.log OS Name:               Linux
22-Aug-2018 13:04:53.606 INFO [main] org.apache.catalina.startup.VersionLoggerListener.log OS Version:            4.15.0-32-generic
22-Aug-2018 13:04:53.606 INFO [main] org.apache.catalina.startup.VersionLoggerListener.log Architecture:          amd64
22-Aug-2018 13:04:53.606 INFO [main] org.apache.catalina.startup.VersionLoggerListener.log Java Home:             /usr/lib/jvm/java-7-openjdk-amd64/jre
22-Aug-2018 13:04:53.606 INFO [main] org.apache.catalina.startup.VersionLoggerListener.log JVM Version:           1.7.0_181-b01
22-Aug-2018 13:04:53.606 INFO [main] org.apache.catalina.startup.VersionLoggerListener.log JVM Vendor:            Oracle Corporation
22-Aug-2018 13:04:53.606 INFO [main] org.apache.catalina.startup.VersionLoggerListener.log CATALINA_BASE:         /usr/local/tomcat
22-Aug-2018 13:04:53.606 INFO [main] org.apache.catalina.startup.VersionLoggerListener.log CATALINA_HOME:         /usr/local/tomcat
22-Aug-2018 13:04:53.607 INFO [main] org.apache.catalina.startup.VersionLoggerListener.log Command line argument: -Djava.util.logging.config.file=/usr/local/tomcat/conf/logging.properties
22-Aug-2018 13:04:53.607 INFO [main] org.apache.catalina.startup.VersionLoggerListener.log Command line argument: -Djava.util.logging.manager=org.apache.juli.ClassLoaderLogManager
22-Aug-2018 13:04:53.607 INFO [main] org.apache.catalina.startup.VersionLoggerListener.log Command line argument: -Djdk.tls.ephemeralDHKeySize=2048
22-Aug-2018 13:04:53.607 INFO [main] org.apache.catalina.startup.VersionLoggerListener.log Command line argument: -Djava.protocol.handler.pkgs=org.apache.catalina.webresources
22-Aug-2018 13:04:53.607 INFO [main] org.apache.catalina.startup.VersionLoggerListener.log Command line argument: -Dignore.endorsed.dirs=
22-Aug-2018 13:04:53.607 INFO [main] org.apache.catalina.startup.VersionLoggerListener.log Command line argument: -Dcatalina.base=/usr/local/tomcat
22-Aug-2018 13:04:53.607 INFO [main] org.apache.catalina.startup.VersionLoggerListener.log Command line argument: -Dcatalina.home=/usr/local/tomcat
22-Aug-2018 13:04:53.607 INFO [main] org.apache.catalina.startup.VersionLoggerListener.log Command line argument: -Djava.io.tmpdir=/usr/local/tomcat/temp
22-Aug-2018 13:04:53.608 INFO [main] org.apache.catalina.core.AprLifecycleListener.lifecycleEvent Loaded APR based Apache Tomcat Native library 1.2.17 using APR version 1.5.1.
22-Aug-2018 13:04:53.608 INFO [main] org.apache.catalina.core.AprLifecycleListener.lifecycleEvent APR capabilities: IPv6 [true], sendfile [true], accept filters [false], random [true].
22-Aug-2018 13:04:53.611 INFO [main] org.apache.catalina.core.AprLifecycleListener.initializeSSL OpenSSL successfully initialized (OpenSSL 1.1.0f  25 May 2017)
22-Aug-2018 13:04:55.251 INFO [main] org.apache.coyote.AbstractProtocol.init Initializing ProtocolHandler ["http-apr-8080"]
22-Aug-2018 13:04:55.464 INFO [main] org.apache.coyote.AbstractProtocol.init Initializing ProtocolHandler ["ajp-apr-8009"]
22-Aug-2018 13:04:55.474 INFO [main] org.apache.catalina.startup.Catalina.load Initialization processed in 4251 ms
22-Aug-2018 13:04:55.700 INFO [main] org.apache.catalina.core.StandardService.startInternal Starting service Catalina
22-Aug-2018 13:04:55.704 INFO [main] org.apache.catalina.core.StandardEngine.startInternal Starting Servlet Engine: Apache Tomcat/8.0.53
22-Aug-2018 13:04:55.725 INFO [localhost-startStop-1] org.apache.catalina.startup.HostConfig.deployDirectory Deploying web application directory /usr/local/tomcat/webapps/manager
22-Aug-2018 13:04:58.247 INFO [localhost-startStop-1] org.apache.catalina.startup.HostConfig.deployDirectory Deployment of web application directory /usr/local/tomcat/webapps/manager has finished in 2,521 ms
22-Aug-2018 13:04:58.247 INFO [localhost-startStop-1] org.apache.catalina.startup.HostConfig.deployDirectory Deploying web application directory /usr/local/tomcat/webapps/docs
22-Aug-2018 13:04:58.269 INFO [localhost-startStop-1] org.apache.catalina.startup.HostConfig.deployDirectory Deployment of web application directory /usr/local/tomcat/webapps/docs has finished in 21 ms
22-Aug-2018 13:04:58.269 INFO [localhost-startStop-1] org.apache.catalina.startup.HostConfig.deployDirectory Deploying web application directory /usr/local/tomcat/webapps/examples
22-Aug-2018 13:04:58.804 INFO [localhost-startStop-1] org.apache.catalina.startup.HostConfig.deployDirectory Deployment of web application directory /usr/local/tomcat/webapps/examples has finished in 535 ms
22-Aug-2018 13:04:58.804 INFO [localhost-startStop-1] org.apache.catalina.startup.HostConfig.deployDirectory Deploying web application directory /usr/local/tomcat/webapps/host-manager
22-Aug-2018 13:04:58.833 INFO [localhost-startStop-1] org.apache.catalina.startup.HostConfig.deployDirectory Deployment of web application directory /usr/local/tomcat/webapps/host-manager has finished in 29 ms
22-Aug-2018 13:04:58.833 INFO [localhost-startStop-1] org.apache.catalina.startup.HostConfig.deployDirectory Deploying web application directory /usr/local/tomcat/webapps/ROOT
22-Aug-2018 13:04:58.854 INFO [localhost-startStop-1] org.apache.catalina.startup.HostConfig.deployDirectory Deployment of web application directory /usr/local/tomcat/webapps/ROOT has finished in 21 ms
22-Aug-2018 13:04:58.858 INFO [main] org.apache.coyote.AbstractProtocol.start Starting ProtocolHandler ["http-apr-8080"]
22-Aug-2018 13:04:58.880 INFO [main] org.apache.coyote.AbstractProtocol.start Starting ProtocolHandler ["ajp-apr-8009"]
22-Aug-2018 13:04:58.921 INFO [main] org.apache.catalina.startup.Catalina.start Server startup in 3447 ms
22-Aug-2018 13:06:42.674 INFO [Thread-3] org.apache.coyote.AbstractProtocol.pause Pausing ProtocolHandler ["http-apr-8080"]
22-Aug-2018 13:06:42.757 INFO [Thread-3] org.apache.coyote.AbstractProtocol.pause Pausing ProtocolHandler ["ajp-apr-8009"]
22-Aug-2018 13:06:42.809 INFO [Thread-3] org.apache.catalina.core.StandardService.stopInternal Stopping service Catalina
22-Aug-2018 13:06:42.910 INFO [Thread-3] org.apache.coyote.AbstractProtocol.stop Stopping ProtocolHandler ["http-apr-8080"]
22-Aug-2018 13:06:42.965 INFO [Thread-3] org.apache.coyote.AbstractProtocol.stop Stopping ProtocolHandler ["ajp-apr-8009"]
22-Aug-2018 13:06:43.020 INFO [Thread-3] org.apache.coyote.AbstractProtocol.destroy Destroying ProtocolHandler ["http-apr-8080"]
22-Aug-2018 13:06:43.020 INFO [Thread-3] org.apache.coyote.AbstractProtocol.destroy Destroying ProtocolHandler ["ajp-apr-8009"]
